<?xml version="1.0" encoding="UTF-8"?>
<!-- Generated by org.testng.reporters.JUnitReportReporter -->
<testsuite skipped="0" hostname="DESKTOP-C37E15E" name="quick.Sm.StcTest" tests="1" failures="0" timestamp="09 Aug 2020 17:41:56 GMT" time="30.444" errors="0">
  <testcase name="dgp" time="30.444" classname="quick.Sm.StcTest"/>
</testsuite> <!-- quick.Sm.StcTest -->
