<?xml version="1.0" encoding="UTF-8"?>
<!-- Generated by org.testng.reporters.JUnitReportReporter -->
<testsuite skipped="0" hostname="DESKTOP-C37E15E" name="quick.Sm.StcTest" tests="1" failures="0" timestamp="10 Aug 2020 13:56:19 GMT" time="31.227" errors="0">
  <testcase name="dgp" time="31.227" classname="quick.Sm.StcTest"/>
</testsuite> <!-- quick.Sm.StcTest -->
