<?xml version="1.0" encoding="UTF-8"?>
<!-- Generated by org.testng.reporters.JUnitReportReporter -->
<testsuite skipped="0" hostname="DESKTOP-C37E15E" name="quick.Sm.DateTest" tests="1" failures="0" timestamp="30 Aug 2020 13:22:17 GMT" time="0.109" errors="0">
  <testcase name="display" time="0.109" classname="quick.Sm.DateTest"/>
</testsuite> <!-- quick.Sm.DateTest -->
